<?xml version="1.0" encoding="UTF-8"?>
<!-- Generated by org.testng.reporters.JUnitReportReporter -->
<testsuite hostname="DESKTOP-P8K6E78" failures="0" tests="1" name="com.ftx.qa.testcases.LeaveRequestPagetTest" time="13.074" errors="0" timestamp="2022-09-13T12:04:23 IST" skipped="0">
  <testcase classname="com.ftx.qa.testcases.LeaveRequestPagetTest" name="executeLeaveRequestPage" time="13.074"/>
  <system-out/>
</testsuite> <!-- com.ftx.qa.testcases.LeaveRequestPagetTest -->
