<?xml version="1.0" encoding="UTF-8"?>
<!-- Generated by org.testng.reporters.JUnitReportReporter -->
<testsuite hostname="DESKTOP-P8K6E78" failures="0" tests="1" name="com.ftx.qa.testcases.StaffPasswordPageTest" time="28.784" errors="0" timestamp="2022-09-14T10:29:07 IST" skipped="0">
  <testcase classname="com.ftx.qa.testcases.StaffPasswordPageTest" name="executeStaffPasswordPage" time="28.784"/>
  <system-out/>
</testsuite> <!-- com.ftx.qa.testcases.StaffPasswordPageTest -->
