<?xml version="1.0" encoding="UTF-8"?>
<!-- Generated by org.testng.reporters.JUnitReportReporter -->
<testsuite hostname="DESKTOP-P8K6E78" failures="0" tests="2" name="com.ftx.qa.testcases.SenderDomainModuleTest" time="7.490" errors="0" timestamp="2022-09-23T16:27:14 IST" skipped="0">
  <testcase classname="com.ftx.qa.testcases.SenderDomainModuleTest" name="logintest" time="3.056"/>
  <system-out/>
  <testcase classname="com.ftx.qa.testcases.SenderDomainModuleTest" name="verifySenderDomainpage" time="4.434"/>
  <system-out/>
</testsuite> <!-- com.ftx.qa.testcases.SenderDomainModuleTest -->
