<?xml version="1.0" encoding="UTF-8"?>
<!-- Generated by org.testng.reporters.JUnitReportReporter -->
<testsuite hostname="DESKTOP-P8K6E78" failures="0" tests="5" name="com.ftx.qa.testcases.TemplatesModuleTest" time="47.763" errors="0" timestamp="2022-09-23T17:30:07 IST" skipped="0">
  <testcase classname="com.ftx.qa.testcases.TemplatesModuleTest" name="loginTest" time="3.077"/>
  <system-out/>
  <testcase classname="com.ftx.qa.testcases.TemplatesModuleTest" name="executeMailSubModule" time="2.912"/>
  <system-out/>
  <testcase classname="com.ftx.qa.testcases.TemplatesModuleTest" name="executeAddNew" time="8.135"/>
  <system-out/>
  <testcase classname="com.ftx.qa.testcases.TemplatesModuleTest" name="executeSmsModule" time="17.719"/>
  <system-out/>
  <testcase classname="com.ftx.qa.testcases.TemplatesModuleTest" name="executeCreateNewTemplate" time="15.920"/>
  <system-out/>
</testsuite> <!-- com.ftx.qa.testcases.TemplatesModuleTest -->
