<?xml version="1.0" encoding="UTF-8"?>
<!-- Generated by org.testng.reporters.JUnitReportReporter -->
<testsuite hostname="DESKTOP-P8K6E78" failures="0" tests="2" name="com.ftx.qa.testcases.HomePageTest" time="9.481" errors="0" timestamp="2022-09-23T15:31:32 IST" skipped="0">
  <testcase classname="com.ftx.qa.testcases.HomePageTest" name="logintest" time="3.139"/>
  <system-out/>
  <testcase classname="com.ftx.qa.testcases.HomePageTest" name="verifyHomepage" time="6.342"/>
  <system-out/>
</testsuite> <!-- com.ftx.qa.testcases.HomePageTest -->
