<?xml version="1.0" encoding="UTF-8"?>
<!-- Generated by org.testng.reporters.JUnitReportReporter -->
<testsuite hostname="DESKTOP-P8K6E78" failures="0" tests="2" name="com.ftx.qa.testcases.CampaignsModuleTest" time="17.094" errors="0" timestamp="2022-09-23T09:54:18 IST" skipped="0">
  <testcase classname="com.ftx.qa.testcases.CampaignsModuleTest" name="loginTest" time="3.061"/>
  <system-out/>
  <testcase classname="com.ftx.qa.testcases.CampaignsModuleTest" name="executeSMSSubModule" time="14.033"/>
  <system-out/>
</testsuite> <!-- com.ftx.qa.testcases.CampaignsModuleTest -->
