<?xml version="1.0" encoding="UTF-8"?>
<!-- Generated by org.testng.reporters.JUnitReportReporter -->
<testsuite hostname="DESKTOP-P8K6E78" failures="0" tests="1" name="com.ftx.qa.testcases.HomePageTest" time="10.370" errors="0" timestamp="2022-09-08T16:42:42 IST" skipped="0">
  <testcase classname="com.ftx.qa.testcases.HomePageTest" name="executeProfileAndSupportLink" time="10.370"/>
  <system-out/>
</testsuite> <!-- com.ftx.qa.testcases.HomePageTest -->
