<?xml version="1.0" encoding="UTF-8"?>
<!-- Generated by org.testng.reporters.JUnitReportReporter -->
<testsuite hostname="DESKTOP-P8K6E78" failures="0" tests="1" name="com.ftx.qa.testcases.AgreementPagePDFTest" time="6.089" errors="0" timestamp="2022-09-08T16:42:42 IST" skipped="0">
  <testcase classname="com.ftx.qa.testcases.AgreementPagePDFTest" name="executeAgreementPDFPage" time="6.089"/>
  <system-out/>
</testsuite> <!-- com.ftx.qa.testcases.AgreementPagePDFTest -->
