<?xml version="1.0" encoding="UTF-8"?>
<!-- Generated by org.testng.reporters.JUnitReportReporter -->
<testsuite hostname="DESKTOP-P8K6E78" failures="0" tests="1" name="com.ftx.qa.testcases.LoginPageTest" time="2.053" errors="0" timestamp="2022-09-22T15:42:06 IST" skipped="0">
  <testcase classname="com.ftx.qa.testcases.LoginPageTest" name="setup" time="2.053"/>
  <system-out/>
</testsuite> <!-- com.ftx.qa.testcases.LoginPageTest -->
