<?xml version="1.0" encoding="UTF-8"?>
<!-- Generated by org.testng.reporters.JUnitReportReporter -->
<testsuite hostname="DESKTOP-P8K6E78" failures="0" tests="5" name="com.ftx.qa.testcases.CallsModulePageTest" time="24.254" errors="0" timestamp="2022-09-21T16:27:41 IST" skipped="0">
  <testcase classname="com.ftx.qa.testcases.CallsModulePageTest" name="executeCallsModule" time="0.673"/>
  <system-out/>
  <testcase classname="com.ftx.qa.testcases.CallsModulePageTest" name="executeInboundLink" time="6.634"/>
  <system-out/>
  <testcase classname="com.ftx.qa.testcases.CallsModulePageTest" name="executeOutBoundlink" time="5.294"/>
  <system-out/>
  <testcase classname="com.ftx.qa.testcases.CallsModulePageTest" name="executeSharedLink" time="6.320"/>
  <system-out/>
  <testcase classname="com.ftx.qa.testcases.CallsModulePageTest" name="executeDisputeLink" time="5.333"/>
  <system-out/>
</testsuite> <!-- com.ftx.qa.testcases.CallsModulePageTest -->
