<?xml version="1.0" encoding="UTF-8"?>
<!-- Generated by org.testng.reporters.JUnitReportReporter -->
<testsuite hostname="DESKTOP-P8K6E78" failures="0" tests="2" name="com.ftx.qa.testcases.HomePageTest" time="38.290" errors="0" timestamp="2022-09-21T16:27:41 IST" skipped="0">
  <testcase classname="com.ftx.qa.testcases.HomePageTest" name="loginTest" time="0.707"/>
  <system-out/>
  <testcase classname="com.ftx.qa.testcases.HomePageTest" name="executeHomePage" time="37.583"/>
  <system-out/>
</testsuite> <!-- com.ftx.qa.testcases.HomePageTest -->
