<?xml version="1.0" encoding="UTF-8"?>
<!-- Generated by org.testng.reporters.JUnitReportReporter -->
<testsuite hostname="DESKTOP-P8K6E78" failures="0" tests="5" name="com.ftx.qa.testcases.EnquiriesmodulePageTest3" time="47.014" errors="0" timestamp="2022-09-21T16:27:41 IST" skipped="0">
  <testcase classname="com.ftx.qa.testcases.EnquiriesmodulePageTest3" name="EnquiriesModule3" time="0.815"/>
  <system-out/>
  <testcase classname="com.ftx.qa.testcases.EnquiriesmodulePageTest3" name="executeInvoiceModule" time="18.153"/>
  <system-out/>
  <testcase classname="com.ftx.qa.testcases.EnquiriesmodulePageTest3" name="executeSignedModule" time="19.098"/>
  <system-out/>
  <testcase classname="com.ftx.qa.testcases.EnquiriesmodulePageTest3" name="executeRequestTransfer" time="6.648"/>
  <system-out/>
  <testcase classname="com.ftx.qa.testcases.EnquiriesmodulePageTest3" name="executeTransferList" time="2.300"/>
  <system-out/>
</testsuite> <!-- com.ftx.qa.testcases.EnquiriesmodulePageTest3 -->
