<?xml version="1.0" encoding="UTF-8"?>
<!-- Generated by org.testng.reporters.JUnitReportReporter -->
<testsuite hostname="DESKTOP-P8K6E78" failures="0" tests="5" name="com.ftx.qa.testcases.EnquiriesModulePagetTest" time="62.397" errors="0" timestamp="2022-09-21T16:27:41 IST" skipped="0">
  <testcase classname="com.ftx.qa.testcases.EnquiriesModulePagetTest" name="EnquiriesModule" time="0.711"/>
  <system-out/>
  <testcase classname="com.ftx.qa.testcases.EnquiriesModulePagetTest" name="executeNewSubModule" time="12.967"/>
  <system-out/>
  <testcase classname="com.ftx.qa.testcases.EnquiriesModulePagetTest" name="executeARingingSubModule" time="23.089"/>
  <system-out/>
  <testcase classname="com.ftx.qa.testcases.EnquiriesModulePagetTest" name="executePostponedSubModule" time="11.772"/>
  <system-out/>
  <testcase classname="com.ftx.qa.testcases.EnquiriesModulePagetTest" name="executeAssignedSubModule" time="13.858"/>
  <system-out/>
</testsuite> <!-- com.ftx.qa.testcases.EnquiriesModulePagetTest -->
