<?xml version="1.0" encoding="UTF-8"?>
<!-- Generated by org.testng.reporters.JUnitReportReporter -->
<testsuite hostname="DESKTOP-P8K6E78" failures="0" tests="1" name="com.ftx.qa.testcases.TodayChecklistModulePageTest" time="6.727" errors="0" timestamp="2022-09-21T16:27:41 IST" skipped="0">
  <testcase classname="com.ftx.qa.testcases.TodayChecklistModulePageTest" name="executeTodayChecklistModule" time="6.727"/>
  <system-out/>
</testsuite> <!-- com.ftx.qa.testcases.TodayChecklistModulePageTest -->
