<?xml version="1.0" encoding="UTF-8"?>
<!-- Generated by org.testng.reporters.JUnitReportReporter -->
<testsuite hostname="DESKTOP-P8K6E78" failures="0" tests="7" name="com.ftx.qa.testcases.ClientStatusModulePageTest" time="28.264" errors="0" timestamp="2022-09-21T16:27:41 IST" skipped="0">
  <testcase classname="com.ftx.qa.testcases.ClientStatusModulePageTest" name="ClienstatusModule" time="0.865"/>
  <system-out/>
  <testcase classname="com.ftx.qa.testcases.ClientStatusModulePageTest" name="executeAgreementPendinglink" time="5.661"/>
  <system-out/>
  <testcase classname="com.ftx.qa.testcases.ClientStatusModulePageTest" name="executeAgreementCompletedlink" time="4.398"/>
  <system-out/>
  <testcase classname="com.ftx.qa.testcases.ClientStatusModulePageTest" name="executeAgreementReceivedlink" time="4.415"/>
  <system-out/>
  <testcase classname="com.ftx.qa.testcases.ClientStatusModulePageTest" name="executeInstallationPendinglink" time="4.367"/>
  <system-out/>
  <testcase classname="com.ftx.qa.testcases.ClientStatusModulePageTest" name="executePartiallyInstalledlink" time="4.390"/>
  <system-out/>
  <testcase classname="com.ftx.qa.testcases.ClientStatusModulePageTest" name="executeInstallationCompletedlink" time="4.168"/>
  <system-out/>
</testsuite> <!-- com.ftx.qa.testcases.ClientStatusModulePageTest -->
