<?xml version="1.0" encoding="UTF-8"?>
<!-- Generated by org.testng.reporters.JUnitReportReporter -->
<testsuite hostname="DESKTOP-P8K6E78" failures="0" tests="1" name="com.ftx.qa.testcase.RejectModulePageTest" time="18.007" errors="0" timestamp="2022-09-14T16:56:13 IST" skipped="0">
  <testcase classname="com.ftx.qa.testcase.RejectModulePageTest" name="executeRejectedLink" time="18.007"/>
  <system-out/>
</testsuite> <!-- com.ftx.qa.testcase.RejectModulePageTest -->
