<?xml version="1.0" encoding="UTF-8"?>
<!-- Generated by org.testng.reporters.JUnitReportReporter -->
<testsuite hostname="DESKTOP-P8K6E78" failures="0" tests="1" name="com.ftx.qa.testcase.LoginPageTest" time="2.244" errors="0" timestamp="2022-09-16T10:54:59 IST" skipped="0">
  <testcase classname="com.ftx.qa.testcase.LoginPageTest" name="loginTest" time="2.244"/>
  <system-out/>
</testsuite> <!-- com.ftx.qa.testcase.LoginPageTest -->
