<?xml version="1.0" encoding="UTF-8"?>
<!-- Generated by org.testng.reporters.JUnitReportReporter -->
<testsuite hostname="DESKTOP-P8K6E78" failures="0" tests="1" name="com.ftx.qa.testcase.ApprovedPageTest" time="19.450" errors="0" timestamp="2022-09-14T16:56:13 IST" skipped="0">
  <testcase classname="com.ftx.qa.testcase.ApprovedPageTest" name="executeApproveLink" time="19.450"/>
  <system-out/>
</testsuite> <!-- com.ftx.qa.testcase.ApprovedPageTest -->
