<?xml version="1.0" encoding="UTF-8"?>
<!-- Generated by org.testng.reporters.JUnitReportReporter -->
<testsuite hostname="DESKTOP-P8K6E78" failures="0" tests="1" name="com.ftx.qa.testcase.RejectedPageTest" time="5.082" errors="0" timestamp="2022-09-03T15:27:24 IST" skipped="0">
  <testcase classname="com.ftx.qa.testcase.RejectedPageTest" name="executeRejectedLink" time="5.082"/>
  <system-out/>
</testsuite> <!-- com.ftx.qa.testcase.RejectedPageTest -->
