<?xml version="1.0" encoding="UTF-8"?>
<!-- Generated by org.testng.reporters.JUnitReportReporter -->
<testsuite hostname="DESKTOP-P8K6E78" failures="0" tests="1" name="com.ftx.qa.testcase.EnquiryCompletedPageTest" time="18.252" errors="0" timestamp="2022-09-14T16:56:13 IST" skipped="0">
  <testcase classname="com.ftx.qa.testcase.EnquiryCompletedPageTest" name="executeEnquiryCompletedTest" time="18.252"/>
  <system-out/>
</testsuite> <!-- com.ftx.qa.testcase.EnquiryCompletedPageTest -->
