<?xml version="1.0" encoding="UTF-8"?>
<!-- Generated by org.testng.reporters.JUnitReportReporter -->
<testsuite hostname="DESKTOP-P8K6E78" failures="0" tests="1" name="com.ftx.qa.testcase.LoginPageTest" time="5.191" errors="0" timestamp="2022-09-08T16:52:38 IST" skipped="0">
  <testcase classname="com.ftx.qa.testcase.LoginPageTest" name="loginTest" time="5.191"/>
  <system-out/>
</testsuite> <!-- com.ftx.qa.testcase.LoginPageTest -->
