<?xml version="1.0" encoding="UTF-8"?>
<!-- Generated by org.testng.reporters.JUnitReportReporter -->
<testsuite hostname="DESKTOP-P8K6E78" failures="0" tests="1" name="com.ftx.qa.testcase.InstallationModulePageTest" time="17.999" errors="0" timestamp="2022-09-08T17:07:06 IST" skipped="0">
  <testcase classname="com.ftx.qa.testcase.InstallationModulePageTest" name="executeInstallationlink" time="17.999"/>
  <system-out/>
</testsuite> <!-- com.ftx.qa.testcase.InstallationModulePageTest -->
